[     157ms] [LOG] [DisableNewTabLinks] useEffect 실행됨 @ https://framerusercontent.com/sites/6ayLKRQOezZ7SuQHeDMDHA/g7hLPGLY3oVFuEM03l6eE3sbWCC3dMnBbc8taVySZc4.heuDJqAL.mjs:0
[     157ms] [LOG] [DisableNewTabLinks] rootRef.current: JSHandle@node @ https://framerusercontent.com/sites/6ayLKRQOezZ7SuQHeDMDHA/g7hLPGLY3oVFuEM03l6eE3sbWCC3dMnBbc8taVySZc4.heuDJqAL.mjs:0
[     157ms] [LOG] [DisableNewTabLinks] 섹션 내부에서 찾은 a 태그 개수: 13 [a.framer-text.framer-styles-preset-16gwrp4, a.framer-text.framer-styles-preset-13ekw2, a.framer-text.framer-styles-preset-13ekw2, a.framer-text.framer-styles-preset-16gwrp4, a.framer-text.framer-styles-preset-13ekw2, a.framer-text.framer-styles-preset-13ekw2, a.framer-text.framer-styles-preset-13ekw2, a.framer-text.framer-styles-preset-16gwrp4, a.framer-text.framer-styles-preset-13ekw2, a.framer-text.framer-styles-preset-13ekw2, a.framer-text.framer-styles-preset-16gwrp4, a.framer-text.framer-styles-preset-13ekw2, a.framer-text.framer-styles-preset-13ekw2] @ https://framerusercontent.com/sites/6ayLKRQOezZ7SuQHeDMDHA/g7hLPGLY3oVFuEM03l6eE3sbWCC3dMnBbc8taVySZc4.heuDJqAL.mjs:0
[     158ms] [LOG] → 링크 #0: href="https://agentria.ai/docs/3step-core-ko#1%EB%8B%A8%EA%B3%84-%ED%94%84%EB%A1%9C%EC%A0%9D%ED%8A%B8-%EC%83%9D%EC%84%B1-%EB%B0%8F-%EC%BB%B4%ED%8F%AC%EC%A0%80-%EC%84%A0%ED%83%9D", host="agentria.ai", path="/docs/3step-core-ko", 기존 target="null", rel="null", isInternalDocsLink=true @ https://framerusercontent.com/sites/6ayLKRQOezZ7SuQHeDMDHA/g7hLPGLY3oVFuEM03l6eE3sbWCC3dMnBbc8taVySZc4.heuDJqAL.mjs:0
[     158ms] [LOG]    [Internal Docs] href를 "./3step-core-ko#1%EB%8B%A8%EA%B3%84-%ED%94%84%EB%A1%9C%EC%A0%9D%ED%8A%B8-%EC%83%9D%EC%84%B1-%EB%B0%8F-%EC%BB%B4%ED%8F%AC%EC%A0%80-%EC%84%A0%ED%83%9D" 로 변경, 수정 후 target="null", rel="null" @ https://framerusercontent.com/sites/6ayLKRQOezZ7SuQHeDMDHA/g7hLPGLY3oVFuEM03l6eE3sbWCC3dMnBbc8taVySZc4.heuDJqAL.mjs:0
[     158ms] [LOG] → 링크 #1: href="https://agentria.ai/docs/ability-ko", host="agentria.ai", path="/docs/ability-ko", 기존 target="_blank", rel="noopener noreferrer", isInternalDocsLink=true @ https://framerusercontent.com/sites/6ayLKRQOezZ7SuQHeDMDHA/g7hLPGLY3oVFuEM03l6eE3sbWCC3dMnBbc8taVySZc4.heuDJqAL.mjs:0
[     158ms] [LOG]    [Internal Docs] href를 "./ability-ko" 로 변경, 수정 후 target="null", rel="null" @ https://framerusercontent.com/sites/6ayLKRQOezZ7SuQHeDMDHA/g7hLPGLY3oVFuEM03l6eE3sbWCC3dMnBbc8taVySZc4.heuDJqAL.mjs:0
[     158ms] [LOG] → 링크 #2: href="https://agentria.ai/docs/agent-ko", host="agentria.ai", path="/docs/agent-ko", 기존 target="_blank", rel="noopener noreferrer", isInternalDocsLink=true @ https://framerusercontent.com/sites/6ayLKRQOezZ7SuQHeDMDHA/g7hLPGLY3oVFuEM03l6eE3sbWCC3dMnBbc8taVySZc4.heuDJqAL.mjs:0
[     158ms] [LOG]    [Internal Docs] href를 "./agent-ko" 로 변경, 수정 후 target="null", rel="null" @ https://framerusercontent.com/sites/6ayLKRQOezZ7SuQHeDMDHA/g7hLPGLY3oVFuEM03l6eE3sbWCC3dMnBbc8taVySZc4.heuDJqAL.mjs:0
[     158ms] [LOG] → 링크 #3: href="https://agentria.ai/docs/3step-core-ko#2%EB%8B%A8%EA%B3%84-%EB%85%B8%EB%93%9C-%EA%B5%AC%EC%84%B1%ED%95%98%EA%B8%B0", host="agentria.ai", path="/docs/3step-core-ko", 기존 target="null", rel="null", isInternalDocsLink=true @ https://framerusercontent.com/sites/6ayLKRQOezZ7SuQHeDMDHA/g7hLPGLY3oVFuEM03l6eE3sbWCC3dMnBbc8taVySZc4.heuDJqAL.mjs:0
[     158ms] [LOG]    [Internal Docs] href를 "./3step-core-ko#2%EB%8B%A8%EA%B3%84-%EB%85%B8%EB%93%9C-%EA%B5%AC%EC%84%B1%ED%95%98%EA%B8%B0" 로 변경, 수정 후 target="null", rel="null" @ https://framerusercontent.com/sites/6ayLKRQOezZ7SuQHeDMDHA/g7hLPGLY3oVFuEM03l6eE3sbWCC3dMnBbc8taVySZc4.heuDJqAL.mjs:0
[     158ms] [LOG] → 링크 #4: href="https://agentria.ai/docs/node-ko", host="agentria.ai", path="/docs/node-ko", 기존 target="_blank", rel="noopener noreferrer", isInternalDocsLink=true @ https://framerusercontent.com/sites/6ayLKRQOezZ7SuQHeDMDHA/g7hLPGLY3oVFuEM03l6eE3sbWCC3dMnBbc8taVySZc4.heuDJqAL.mjs:0
[     158ms] [LOG]    [Internal Docs] href를 "./node-ko" 로 변경, 수정 후 target="null", rel="null" @ https://framerusercontent.com/sites/6ayLKRQOezZ7SuQHeDMDHA/g7hLPGLY3oVFuEM03l6eE3sbWCC3dMnBbc8taVySZc4.heuDJqAL.mjs:0
[     158ms] [LOG] → 링크 #5: href="https://agentria.ai/docs/credential-ko", host="agentria.ai", path="/docs/credential-ko", 기존 target="_blank", rel="noopener noreferrer", isInternalDocsLink=true @ https://framerusercontent.com/sites/6ayLKRQOezZ7SuQHeDMDHA/g7hLPGLY3oVFuEM03l6eE3sbWCC3dMnBbc8taVySZc4.heuDJqAL.mjs:0
[     158ms] [LOG]    [Internal Docs] href를 "./credential-ko" 로 변경, 수정 후 target="null", rel="null" @ https://framerusercontent.com/sites/6ayLKRQOezZ7SuQHeDMDHA/g7hLPGLY3oVFuEM03l6eE3sbWCC3dMnBbc8taVySZc4.heuDJqAL.mjs:0
[     158ms] [LOG] → 링크 #6: href="https://agentria.ai/docs/edge-ko", host="agentria.ai", path="/docs/edge-ko", 기존 target="_blank", rel="noopener noreferrer", isInternalDocsLink=true @ https://framerusercontent.com/sites/6ayLKRQOezZ7SuQHeDMDHA/g7hLPGLY3oVFuEM03l6eE3sbWCC3dMnBbc8taVySZc4.heuDJqAL.mjs:0
[     158ms] [LOG]    [Internal Docs] href를 "./edge-ko" 로 변경, 수정 후 target="null", rel="null" @ https://framerusercontent.com/sites/6ayLKRQOezZ7SuQHeDMDHA/g7hLPGLY3oVFuEM03l6eE3sbWCC3dMnBbc8taVySZc4.heuDJqAL.mjs:0
[     158ms] [LOG] → 링크 #7: href="https://agentria.ai/docs/3step-core-ko#3%EB%8B%A8%EA%B3%84-%ED%85%8C%EC%8A%A4%ED%8A%B8-%EB%B0%8F-%EA%B0%9C%EC%84%A0", host="agentria.ai", path="/docs/3step-core-ko", 기존 target="null", rel="null", isInternalDocsLink=true @ https://framerusercontent.com/sites/6ayLKRQOezZ7SuQHeDMDHA/g7hLPGLY3oVFuEM03l6eE3sbWCC3dMnBbc8taVySZc4.heuDJqAL.mjs:0
[     158ms] [LOG]    [Internal Docs] href를 "./3step-core-ko#3%EB%8B%A8%EA%B3%84-%ED%85%8C%EC%8A%A4%ED%8A%B8-%EB%B0%8F-%EA%B0%9C%EC%84%A0" 로 변경, 수정 후 target="null", rel="null" @ https://framerusercontent.com/sites/6ayLKRQOezZ7SuQHeDMDHA/g7hLPGLY3oVFuEM03l6eE3sbWCC3dMnBbc8taVySZc4.heuDJqAL.mjs:0
[     158ms] [LOG] → 링크 #8: href="https://agentria.ai/docs/ability-test-ko", host="agentria.ai", path="/docs/ability-test-ko", 기존 target="_blank", rel="noopener noreferrer", isInternalDocsLink=true @ https://framerusercontent.com/sites/6ayLKRQOezZ7SuQHeDMDHA/g7hLPGLY3oVFuEM03l6eE3sbWCC3dMnBbc8taVySZc4.heuDJqAL.mjs:0
[     158ms] [LOG]    [Internal Docs] href를 "./ability-test-ko" 로 변경, 수정 후 target="null", rel="null" @ https://framerusercontent.com/sites/6ayLKRQOezZ7SuQHeDMDHA/g7hLPGLY3oVFuEM03l6eE3sbWCC3dMnBbc8taVySZc4.heuDJqAL.mjs:0
[     158ms] [LOG] → 링크 #9: href="https://agentria.ai/docs/agent-test-ko", host="agentria.ai", path="/docs/agent-test-ko", 기존 target="_blank", rel="noopener noreferrer", isInternalDocsLink=true @ https://framerusercontent.com/sites/6ayLKRQOezZ7SuQHeDMDHA/g7hLPGLY3oVFuEM03l6eE3sbWCC3dMnBbc8taVySZc4.heuDJqAL.mjs:0
[     158ms] [LOG]    [Internal Docs] href를 "./agent-test-ko" 로 변경, 수정 후 target="null", rel="null" @ https://framerusercontent.com/sites/6ayLKRQOezZ7SuQHeDMDHA/g7hLPGLY3oVFuEM03l6eE3sbWCC3dMnBbc8taVySZc4.heuDJqAL.mjs:0
[     158ms] [LOG] → 링크 #10: href="https://agentria.ai/docs/3step-core-ko#%EB%B9%A0%EB%A5%B8-%EC%8B%9C%EC%9E%91", host="agentria.ai", path="/docs/3step-core-ko", 기존 target="null", rel="null", isInternalDocsLink=true @ https://framerusercontent.com/sites/6ayLKRQOezZ7SuQHeDMDHA/g7hLPGLY3oVFuEM03l6eE3sbWCC3dMnBbc8taVySZc4.heuDJqAL.mjs:0
[     158ms] [LOG]    [Internal Docs] href를 "./3step-core-ko#%EB%B9%A0%EB%A5%B8-%EC%8B%9C%EC%9E%91" 로 변경, 수정 후 target="null", rel="null" @ https://framerusercontent.com/sites/6ayLKRQOezZ7SuQHeDMDHA/g7hLPGLY3oVFuEM03l6eE3sbWCC3dMnBbc8taVySZc4.heuDJqAL.mjs:0
[     158ms] [LOG] → 링크 #11: href="https://agentria.ai/docs/ability-guide-ko", host="agentria.ai", path="/docs/ability-guide-ko", 기존 target="_blank", rel="noopener noreferrer", isInternalDocsLink=true @ https://framerusercontent.com/sites/6ayLKRQOezZ7SuQHeDMDHA/g7hLPGLY3oVFuEM03l6eE3sbWCC3dMnBbc8taVySZc4.heuDJqAL.mjs:0
[     158ms] [LOG]    [Internal Docs] href를 "./ability-guide-ko" 로 변경, 수정 후 target="null", rel="null" @ https://framerusercontent.com/sites/6ayLKRQOezZ7SuQHeDMDHA/g7hLPGLY3oVFuEM03l6eE3sbWCC3dMnBbc8taVySZc4.heuDJqAL.mjs:0
[     158ms] [LOG] → 링크 #12: href="https://agentria.ai/docs/agent-guide-ko", host="agentria.ai", path="/docs/agent-guide-ko", 기존 target="_blank", rel="noopener noreferrer", isInternalDocsLink=true @ https://framerusercontent.com/sites/6ayLKRQOezZ7SuQHeDMDHA/g7hLPGLY3oVFuEM03l6eE3sbWCC3dMnBbc8taVySZc4.heuDJqAL.mjs:0
[     158ms] [LOG]    [Internal Docs] href를 "./agent-guide-ko" 로 변경, 수정 후 target="null", rel="null" @ https://framerusercontent.com/sites/6ayLKRQOezZ7SuQHeDMDHA/g7hLPGLY3oVFuEM03l6eE3sbWCC3dMnBbc8taVySZc4.heuDJqAL.mjs:0
[     158ms] [LOG] [DisableNewTabLinks] 처리 완료 ✅ @ https://framerusercontent.com/sites/6ayLKRQOezZ7SuQHeDMDHA/g7hLPGLY3oVFuEM03l6eE3sbWCC3dMnBbc8taVySZc4.heuDJqAL.mjs:0
[    1253ms] [LOG] [Framer On-Page Editing] Unavailable because not on a `framer.app` subdomain and access status is no-auth @ https://app.framerstatic.com/editorbar.HZM5HIQ6.mjs:0
